This is pdfTeX, Version 3.14159265-2.6-1.40.15 (TeX Live 2014) (preloaded format=pdflatex 2015.2.15)  6 NOV 2021 10:43
entering extended mode
 restricted \write18 enabled.
 file:line:error style messages enabled.
 %&-line parsing enabled.
**supplementary_material.tex
(./supplementary_material.tex
LaTeX2e <2014/05/01>
Babel <3.9k> and hyphenation patterns for 78 languages loaded.
(./agujournal2019.cls
Document Class: agujournal2019 01/14/2019
(/usr/local/texlive/2014/texmf-dist/tex/latex/graphics/graphicx.sty
Package: graphicx 2014/04/25 v1.0g Enhanced LaTeX Graphics (DPC,SPQR)

(/usr/local/texlive/2014/texmf-dist/tex/latex/graphics/keyval.sty
Package: keyval 2014/05/08 v1.15 key=value parser (DPC)
\KV@toks@=\toks14
)
(/usr/local/texlive/2014/texmf-dist/tex/latex/graphics/graphics.sty
Package: graphics 2009/02/05 v1.0o Standard LaTeX Graphics (DPC,SPQR)

(/usr/local/texlive/2014/texmf-dist/tex/latex/graphics/trig.sty
Package: trig 1999/03/16 v1.09 sin cos tan (DPC)
)
(/usr/local/texlive/2014/texmf-dist/tex/latex/latexconfig/graphics.cfg
File: graphics.cfg 2010/04/23 v1.9 graphics configuration of TeX Live
)
Package graphics Info: Driver file: pdftex.def on input line 91.

(/usr/local/texlive/2014/texmf-dist/tex/latex/pdftex-def/pdftex.def
File: pdftex.def 2011/05/27 v0.06d Graphics/color for pdfTeX

(/usr/local/texlive/2014/texmf-dist/tex/generic/oberdiek/infwarerr.sty
Package: infwarerr 2010/04/08 v1.3 Providing info/warning/error messages (HO)
)
(/usr/local/texlive/2014/texmf-dist/tex/generic/oberdiek/ltxcmds.sty
Package: ltxcmds 2011/11/09 v1.22 LaTeX kernel commands for general use (HO)
)
\Gread@gobject=\count79
))
\Gin@req@height=\dimen102
\Gin@req@width=\dimen103
)
(/usr/local/texlive/2014/texmf-dist/tex/latex/xcolor/xcolor.sty
Package: xcolor 2007/01/21 v2.11 LaTeX color extensions (UK)

(/usr/local/texlive/2014/texmf-dist/tex/latex/latexconfig/color.cfg
File: color.cfg 2007/01/18 v1.5 color configuration of teTeX/TeXLive
)
Package xcolor Info: Driver file: pdftex.def on input line 225.
Package xcolor Info: Model `cmy' substituted by `cmy0' on input line 1337.
Package xcolor Info: Model `hsb' substituted by `rgb' on input line 1341.
Package xcolor Info: Model `RGB' extended on input line 1353.
Package xcolor Info: Model `HTML' substituted by `rgb' on input line 1355.
Package xcolor Info: Model `Hsb' substituted by `hsb' on input line 1356.
Package xcolor Info: Model `tHsb' substituted by `hsb' on input line 1357.
Package xcolor Info: Model `HSB' substituted by `hsb' on input line 1358.
Package xcolor Info: Model `Gray' substituted by `gray' on input line 1359.
Package xcolor Info: Model `wave' substituted by `hsb' on input line 1360.
)
(/usr/local/texlive/2014/texmf-dist/tex/latex/url/url.sty
\Urlmuskip=\muskip10
Package: url 2013/09/16  ver 3.4  Verb mode for urls, etc.
)
(/usr/local/texlive/2014/texmf-dist/tex/latex/lineno/lineno.sty
Package: lineno 2005/11/02 line numbers on paragraphs v4.41
\linenopenalty=\count80
\output=\toks15
\linenoprevgraf=\count81
\linenumbersep=\dimen104
\linenumberwidth=\dimen105
\c@linenumber=\count82
\c@pagewiselinenumber=\count83
\c@LN@truepage=\count84
\c@internallinenumber=\count85
\c@internallinenumbers=\count86
\quotelinenumbersep=\dimen106
\bframerule=\dimen107
\bframesep=\dimen108
\bframebox=\box26
LaTeX Info: Redefining \\ on input line 3056.
)
(/usr/local/texlive/2014/texmf-dist/tex/latex/tools/indentfirst.sty
Package: indentfirst 1995/11/23 v1.03 Indent first paragraph (DPC)
)
(/usr/local/texlive/2014/texmf-dist/tex/latex/ms/ragged2e.sty
Package: ragged2e 2009/05/21 v2.1 ragged2e Package (MS)

(/usr/local/texlive/2014/texmf-dist/tex/latex/ms/everysel.sty
Package: everysel 2011/10/28 v1.2 EverySelectfont Package (MS)
)
\CenteringLeftskip=\skip41
\RaggedLeftLeftskip=\skip42
\RaggedRightLeftskip=\skip43
\CenteringRightskip=\skip44
\RaggedLeftRightskip=\skip45
\RaggedRightRightskip=\skip46
\CenteringParfillskip=\skip47
\RaggedLeftParfillskip=\skip48
\RaggedRightParfillskip=\skip49
\JustifyingParfillskip=\skip50
\CenteringParindent=\skip51
\RaggedLeftParindent=\skip52
\RaggedRightParindent=\skip53
\JustifyingParindent=\skip54
)
(/usr/local/texlive/2014/texmf-dist/tex/latex/rotating/rotating.sty
Package: rotating 2009/03/28 v2.16a rotated objects in LaTeX

(/usr/local/texlive/2014/texmf-dist/tex/latex/base/ifthen.sty
Package: ifthen 2001/05/26 v1.1c Standard LaTeX ifthen package (DPC)
)
\c@r@tfl@t=\count87
\rotFPtop=\skip55
\rotFPbot=\skip56
\rot@float@box=\box27
\rot@mess@toks=\toks16
)
\draftskip=\count88
\c@section=\count89
\c@subsection=\count90
\c@subsubsection=\count91
\c@paragraph=\count92
\c@subparagraph=\count93
\c@figure=\count94
\c@table=\count95
\abovecaptionskip=\skip57
\belowcaptionskip=\skip58
\c@appendnum=\count96
\bibindent=\dimen109

(/usr/local/texlive/2014/texmf-dist/tex/latex/apacite/apacite.sty
Package: apacite 2013/07/21 v6.03 APA citation
\c@BibCnt=\count97
\bibleftmargin=\skip59
\bibindent=\skip60
\bibparsep=\skip61
\bibitemsep=\skip62
\biblabelsep=\skip63
))
(./trackchanges.sty
Package: trackchanges 2009/04/22 v0.7.0 TrackChanges file 

(/usr/local/texlive/2014/texmf-dist/tex/latex/tools/calc.sty
Package: calc 2007/08/22 v4.3 Infix arithmetic (KKT,FJ)
\calc@Acount=\count98
\calc@Bcount=\count99
\calc@Adimen=\dimen110
\calc@Bdimen=\dimen111
\calc@Askip=\skip64
\calc@Bskip=\skip65
LaTeX Info: Redefining \setlength on input line 75.
LaTeX Info: Redefining \addtolength on input line 76.
\calc@Ccount=\count100
\calc@Cskip=\skip66
)
(/usr/local/texlive/2014/texmf-dist/tex/latex/soul/soul.sty
Package: soul 2003/11/17 v2.4 letterspacing/underlining (mf)
\SOUL@word=\toks17
\SOUL@lasttoken=\toks18
\SOUL@cmds=\toks19
\SOUL@buffer=\toks20
\SOUL@token=\toks21
\SOUL@spaceskip=\skip67
\SOUL@ttwidth=\dimen112
\SOUL@uldp=\dimen113
\SOUL@ulht=\dimen114
)
(/usr/local/texlive/2014/texmf-dist/tex/latex/morefloats/morefloats.sty
Package: morefloats 2012/01/28 v1.0f Raise limit of unprocessed floats (HMM; DH
)

(/usr/local/texlive/2014/texmf-dist/tex/latex/oberdiek/kvoptions.sty
Package: kvoptions 2011/06/30 v3.11 Key value format for package options (HO)

(/usr/local/texlive/2014/texmf-dist/tex/generic/oberdiek/kvsetkeys.sty
Package: kvsetkeys 2012/04/25 v1.16 Key value parser (HO)

(/usr/local/texlive/2014/texmf-dist/tex/generic/oberdiek/etexcmds.sty
Package: etexcmds 2011/02/16 v1.5 Avoid name clashes with e-TeX commands (HO)

(/usr/local/texlive/2014/texmf-dist/tex/generic/oberdiek/ifluatex.sty
Package: ifluatex 2010/03/01 v1.3 Provides the ifluatex switch (HO)
Package ifluatex Info: LuaTeX not detected.
)
Package etexcmds Info: Could not find \expanded.
(etexcmds)             That can mean that you are not using pdfTeX 1.50 or
(etexcmds)             that some package has redefined \expanded.
(etexcmds)             In the latter case, load this package earlier.
)))
Package morefloats Info: Maximum number of possible floats asked for: 36.
(morefloats)             LaTeX might run out of memory before this
(morefloats)             (in which case it will notify you).
(morefloats)              on input line 171.
\bx@S=\insert233
\bx@T=\insert232
\bx@U=\insert231
\bx@V=\insert230
\bx@W=\insert229
\bx@X=\insert228
\bx@Y=\insert227
\bx@Z=\insert226
\bx@AA=\insert225
\bx@AB=\insert224
\bx@AC=\insert223
\bx@AD=\insert222
\bx@AE=\insert221
\bx@AF=\insert220
\bx@AG=\insert219
\bx@AH=\insert218
\bx@AI=\insert217
\bx@AJ=\insert216
)
\c@userid=\count101
\c@changenumber=\count102
\c@storefootnote=\count103
\c@numeditors=\count104
\c@maxeditors=\count105
)
(./supplementary_material.aux

LaTeX Warning: Label `pngfiguresample' multiply defined.


LaTeX Warning: Label `pngfiguresample' multiply defined.


LaTeX Warning: Label `pngfiguresample' multiply defined.


LaTeX Warning: Label `pngfiguresample' multiply defined.


LaTeX Warning: Label `pngfiguresample' multiply defined.


LaTeX Warning: Label `pngfiguresample' multiply defined.


LaTeX Warning: Label `pngfiguresample' multiply defined.

)
\openout1 = `supplementary_material.aux'.

LaTeX Font Info:    Checking defaults for OML/cmm/m/it on input line 12.
LaTeX Font Info:    ... okay on input line 12.
LaTeX Font Info:    Checking defaults for T1/cmr/m/n on input line 12.
LaTeX Font Info:    ... okay on input line 12.
LaTeX Font Info:    Checking defaults for OT1/cmr/m/n on input line 12.
LaTeX Font Info:    ... okay on input line 12.
LaTeX Font Info:    Checking defaults for OMS/cmsy/m/n on input line 12.
LaTeX Font Info:    ... okay on input line 12.
LaTeX Font Info:    Checking defaults for OMX/cmex/m/n on input line 12.
LaTeX Font Info:    ... okay on input line 12.
LaTeX Font Info:    Checking defaults for U/cmr/m/n on input line 12.
LaTeX Font Info:    ... okay on input line 12.
 (/usr/local/texlive/2014/texmf-dist/tex/context/base/supp-pdf.mkii
[Loading MPS to PDF converter (version 2006.09.02).]
\scratchcounter=\count106
\scratchdimen=\dimen115
\scratchbox=\box28
\nofMPsegments=\count107
\nofMParguments=\count108
\everyMPshowfont=\toks22
\MPscratchCnt=\count109
\MPscratchDim=\dimen116
\MPnumerator=\count110
\makeMPintoPDFobject=\count111
\everyMPtoPDFconversion=\toks23
) (/usr/local/texlive/2014/texmf-dist/tex/generic/oberdiek/pdftexcmds.sty
Package: pdftexcmds 2011/11/29 v0.20 Utility functions of pdfTeX for LuaTeX (HO
)

(/usr/local/texlive/2014/texmf-dist/tex/generic/oberdiek/ifpdf.sty
Package: ifpdf 2011/01/30 v2.3 Provides the ifpdf switch (HO)
Package ifpdf Info: pdfTeX in PDF mode is detected.
)
Package pdftexcmds Info: LuaTeX not detected.
Package pdftexcmds Info: \pdf@primitive is available.
Package pdftexcmds Info: \pdf@ifprimitive is available.
Package pdftexcmds Info: \pdfdraftmode found.
)
(/usr/local/texlive/2014/texmf-dist/tex/latex/oberdiek/epstopdf-base.sty
Package: epstopdf-base 2010/02/09 v2.5 Base part for package epstopdf

(/usr/local/texlive/2014/texmf-dist/tex/latex/oberdiek/grfext.sty
Package: grfext 2010/08/19 v1.1 Manage graphics extensions (HO)

(/usr/local/texlive/2014/texmf-dist/tex/generic/oberdiek/kvdefinekeys.sty
Package: kvdefinekeys 2011/04/07 v1.3 Define keys (HO)
))
Package grfext Info: Graphics extension search list:
(grfext)             [.png,.pdf,.jpg,.mps,.jpeg,.jbig2,.jb2,.PNG,.PDF,.JPG,.JPE
G,.JBIG2,.JB2,.eps]
(grfext)             \AppendGraphicsExtensions on input line 452.

(/usr/local/texlive/2014/texmf-dist/tex/latex/latexconfig/epstopdf-sys.cfg
File: epstopdf-sys.cfg 2010/07/13 v1.3 Configuration of (r)epstopdf for TeX Liv
e
))
ABD: EverySelectfont initializing macros
LaTeX Info: Redefining \selectfont on input line 12.
\c@maskedRefs=\count112

(/usr/local/texlive/2014/texmf-dist/tex/latex/apacite/english.apc
File: english.apc 2013/07/21 v6.03 apacite language file
LaTeX Info: Redefining \BPBI on input line 129.
LaTeX Info: Redefining \BHBI on input line 130.
)
LaTeX Font Info:    External font `cmex10' loaded for size
(Font)              <7> on input line 16.
LaTeX Font Info:    External font `cmex10' loaded for size
(Font)              <5> on input line 16.
LaTeX Font Info:    External font `cmex10' loaded for size
(Font)              <8> on input line 18.
LaTeX Font Info:    External font `cmex10' loaded for size
(Font)              <6> on input line 18.
 [1{/usr/local/texlive/2014/texmf-var/fonts/map/pdftex/updmap/pdftex.map}]
Package epstopdf Info: Source file: <figures/BH_PWS_PWS_0.eps>
(epstopdf)                    date: 2021-06-26 06:18:54
(epstopdf)                    size: 238618 bytes
(epstopdf)             Output file: <figures/BH_PWS_PWS_0-eps-converted-to.pdf>

(epstopdf)                    date: 2021-06-26 06:50:59
(epstopdf)                    size: 68225 bytes
(epstopdf)             Command: <repstopdf --outfile=figures/BH_PWS_PWS_0-eps-c
onverted-to.pdf figures/BH_PWS_PWS_0.eps>
(epstopdf)             \includegraphics on input line 25.
Package epstopdf Info: Output file is already uptodate.

<figures/BH_PWS_PWS_0-eps-converted-to.pdf, id=15, 2168.1pt x 1011.78pt>
File: figures/BH_PWS_PWS_0-eps-converted-to.pdf Graphic file (type pdf)

<use figures/BH_PWS_PWS_0-eps-converted-to.pdf>
Package pdftex.def Info: figures/BH_PWS_PWS_0-eps-converted-to.pdf used on inpu
t line 25.
(pdftex.def)             Requested size: 397.48499pt x 209.40282pt.

Underfull \hbox (badness 10000) in paragraph at lines 26--26
[]\OT1/cmr/bx/n/9 Figure  1. \OT1/cmr/m/n/9 Stacks of the en-velopes of the cro
ss cor-re-la-tion sig-nals for dif-fer-ent po-si-tions of the
 []


Underfull \hbox (badness 10000) in paragraph at lines 26--26
\OT1/cmr/m/n/9 tremor source rel-a-tive to the Burnt Hill ar-ray. See cap-tion 
of Fig-ure 4 for an ex-pla-na-tion of this
 []

Package epstopdf Info: Source file: <figures/CL_PWS_PWS_0.eps>
(epstopdf)                    date: 2021-06-26 06:33:42
(epstopdf)                    size: 49876 bytes
(epstopdf)             Output file: <figures/CL_PWS_PWS_0-eps-converted-to.pdf>

(epstopdf)                    date: 2021-06-26 06:51:00
(epstopdf)                    size: 23098 bytes
(epstopdf)             Command: <repstopdf --outfile=figures/CL_PWS_PWS_0-eps-c
onverted-to.pdf figures/CL_PWS_PWS_0.eps>
(epstopdf)             \includegraphics on input line 31.
Package epstopdf Info: Output file is already uptodate.
<figures/CL_PWS_PWS_0-eps-converted-to.pdf, id=17, 1300.86pt x 1011.78pt>
File: figures/CL_PWS_PWS_0-eps-converted-to.pdf Graphic file (type pdf)

<use figures/CL_PWS_PWS_0-eps-converted-to.pdf>
Package pdftex.def Info: figures/CL_PWS_PWS_0-eps-converted-to.pdf used on inpu
t line 31.
(pdftex.def)             Requested size: 397.48499pt x 330.83932pt.

Underfull \hbox (badness 10000) in paragraph at lines 32--32
[]\OT1/cmr/bx/n/9 Figure  2. \OT1/cmr/m/n/9 Stacks of the en-velopes of the cro
ss cor-re-la-tion sig-nals for dif-fer-ent po-si-tions of the
 []


Underfull \hbox (badness 10000) in paragraph at lines 32--32
\OT1/cmr/m/n/9 tremor source rel-a-tive to the Cat Lake ar-ray. See cap-tion of
 Fig-ure 4 for an ex-pla-na-tion of this
 []

Package epstopdf Info: Source file: <figures/DR_PWS_PWS_0.eps>
(epstopdf)                    date: 2021-06-26 06:37:02
(epstopdf)                    size: 91808 bytes
(epstopdf)             Output file: <figures/DR_PWS_PWS_0-eps-converted-to.pdf>

(epstopdf)                    date: 2021-06-26 06:51:01
(epstopdf)                    size: 34448 bytes
(epstopdf)             Command: <repstopdf --outfile=figures/DR_PWS_PWS_0-eps-c
onverted-to.pdf figures/DR_PWS_PWS_0.eps>
(epstopdf)             \includegraphics on input line 37.
Package epstopdf Info: Output file is already uptodate.
<figures/DR_PWS_PWS_0-eps-converted-to.pdf, id=19, 1084.05pt x 1011.78pt>
File: figures/DR_PWS_PWS_0-eps-converted-to.pdf Graphic file (type pdf)

<use figures/DR_PWS_PWS_0-eps-converted-to.pdf>
Package pdftex.def Info: figures/DR_PWS_PWS_0-eps-converted-to.pdf used on inpu
t line 37.
(pdftex.def)             Requested size: 397.48499pt x 385.54189pt.

Underfull \hbox (badness 10000) in paragraph at lines 38--38
[]\OT1/cmr/bx/n/9 Figure  3. \OT1/cmr/m/n/9 Stacks of the en-velopes of the cro
ss cor-re-la-tion sig-nals for dif-fer-ent po-si-tions of the
 []


Underfull \hbox (badness 10000) in paragraph at lines 38--38
\OT1/cmr/m/n/9 tremor source rel-a-tive to the Danz Ranch ar-ray. See cap-tion 
of Fig-ure 4 for an ex-pla-na-tion of
 []

Package epstopdf Info: Source file: <figures/GC_PWS_PWS_0.eps>
(epstopdf)                    date: 2021-06-26 06:39:23
(epstopdf)                    size: 74488 bytes
(epstopdf)             Output file: <figures/GC_PWS_PWS_0-eps-converted-to.pdf>

(epstopdf)                    date: 2021-06-26 06:51:03
(epstopdf)                    size: 29604 bytes
(epstopdf)             Command: <repstopdf --outfile=figures/GC_PWS_PWS_0-eps-c
onverted-to.pdf figures/GC_PWS_PWS_0.eps>
(epstopdf)             \includegraphics on input line 43.
Package epstopdf Info: Output file is already uptodate.
<figures/GC_PWS_PWS_0-eps-converted-to.pdf, id=21, 1300.86pt x 1156.32pt>
File: figures/GC_PWS_PWS_0-eps-converted-to.pdf Graphic file (type pdf)

<use figures/GC_PWS_PWS_0-eps-converted-to.pdf>
Package pdftex.def Info: figures/GC_PWS_PWS_0-eps-converted-to.pdf used on inpu
t line 43.
(pdftex.def)             Requested size: 397.48499pt x 356.658pt.

Underfull \hbox (badness 10000) in paragraph at lines 44--44
[]\OT1/cmr/bx/n/9 Figure  4. \OT1/cmr/m/n/9 Stacks of the en-velopes of the cro
ss cor-re-la-tion sig-nals for dif-fer-ent po-si-tions of the
 []


Underfull \hbox (badness 10000) in paragraph at lines 44--44
\OT1/cmr/m/n/9 tremor source rel-a-tive to the Gold Creek ar-ray. See cap-tion 
of Fig-ure 4 for an ex-pla-na-tion of this
 []

Package epstopdf Info: Source file: <figures/LC_PWS_PWS_0.eps>
(epstopdf)                    date: 2021-06-26 06:42:35
(epstopdf)                    size: 24453 bytes
(epstopdf)             Output file: <figures/LC_PWS_PWS_0-eps-converted-to.pdf>

(epstopdf)                    date: 2021-06-26 06:51:04
(epstopdf)                    size: 15896 bytes
(epstopdf)             Command: <repstopdf --outfile=figures/LC_PWS_PWS_0-eps-c
onverted-to.pdf figures/LC_PWS_PWS_0.eps>
(epstopdf)             \includegraphics on input line 49.
Package epstopdf Info: Output file is already uptodate.
<figures/LC_PWS_PWS_0-eps-converted-to.pdf, id=23, 1084.05pt x 1011.78pt>
File: figures/LC_PWS_PWS_0-eps-converted-to.pdf Graphic file (type pdf)

<use figures/LC_PWS_PWS_0-eps-converted-to.pdf>
Package pdftex.def Info: figures/LC_PWS_PWS_0-eps-converted-to.pdf used on inpu
t line 49.
(pdftex.def)             Requested size: 397.48499pt x 385.54189pt.

Underfull \hbox (badness 10000) in paragraph at lines 50--50
[]\OT1/cmr/bx/n/9 Figure  5. \OT1/cmr/m/n/9 Stacks of the en-velopes of the cro
ss cor-re-la-tion sig-nals for dif-fer-ent po-si-tions of the
 []


Underfull \hbox (badness 10000) in paragraph at lines 50--50
\OT1/cmr/m/n/9 tremor source rel-a-tive to the Lost Cause ar-ray. See cap-tion 
of Fig-ure 4 for an ex-pla-na-tion of this
 []

Package epstopdf Info: Source file: <figures/PA_PWS_PWS_0.eps>
(epstopdf)                    date: 2021-06-26 06:44:56
(epstopdf)                    size: 30664 bytes
(epstopdf)             Output file: <figures/PA_PWS_PWS_0-eps-converted-to.pdf>

(epstopdf)                    date: 2021-06-26 06:51:05
(epstopdf)                    size: 17515 bytes
(epstopdf)             Command: <repstopdf --outfile=figures/PA_PWS_PWS_0-eps-c
onverted-to.pdf figures/PA_PWS_PWS_0.eps>
(epstopdf)             \includegraphics on input line 55.
Package epstopdf Info: Output file is already uptodate.
<figures/PA_PWS_PWS_0-eps-converted-to.pdf, id=25, 1300.86pt x 1011.78pt>
File: figures/PA_PWS_PWS_0-eps-converted-to.pdf Graphic file (type pdf)

<use figures/PA_PWS_PWS_0-eps-converted-to.pdf>
Package pdftex.def Info: figures/PA_PWS_PWS_0-eps-converted-to.pdf used on inpu
t line 55.
(pdftex.def)             Requested size: 397.48499pt x 335.84296pt.

Underfull \hbox (badness 10000) in paragraph at lines 56--56
[]\OT1/cmr/bx/n/9 Figure  6. \OT1/cmr/m/n/9 Stacks of the en-velopes of the cro
ss cor-re-la-tion sig-nals for dif-fer-ent po-si-tions of the
 []


Underfull \hbox (badness 10000) in paragraph at lines 56--56
\OT1/cmr/m/n/9 tremor source rel-a-tive to the Port An-ge-les ar-ray. See cap-t
ion of Fig-ure 4 for an ex-pla-na-tion of
 []

Package epstopdf Info: Source file: <figures/TB_PWS_PWS_0.eps>
(epstopdf)                    date: 2021-06-26 06:47:48
(epstopdf)                    size: 140520 bytes
(epstopdf)             Output file: <figures/TB_PWS_PWS_0-eps-converted-to.pdf>

(epstopdf)                    date: 2021-06-26 06:51:06
(epstopdf)                    size: 45522 bytes
(epstopdf)             Command: <repstopdf --outfile=figures/TB_PWS_PWS_0-eps-c
onverted-to.pdf figures/TB_PWS_PWS_0.eps>
(epstopdf)             \includegraphics on input line 61.
Package epstopdf Info: Output file is already uptodate.
<figures/TB_PWS_PWS_0-eps-converted-to.pdf, id=27, 1517.67pt x 1011.78pt>
File: figures/TB_PWS_PWS_0-eps-converted-to.pdf Graphic file (type pdf)

<use figures/TB_PWS_PWS_0-eps-converted-to.pdf>
Package pdftex.def Info: figures/TB_PWS_PWS_0-eps-converted-to.pdf used on inpu
t line 61.
(pdftex.def)             Requested size: 397.48499pt x 290.9959pt.

Underfull \hbox (badness 10000) in paragraph at lines 62--62
[]\OT1/cmr/bx/n/9 Figure  7. \OT1/cmr/m/n/9 Stacks of the en-velopes of the cro
ss cor-re-la-tion sig-nals for dif-fer-ent po-si-tions of the
 []


Underfull \hbox (badness 10000) in paragraph at lines 62--62
\OT1/cmr/m/n/9 tremor source rel-a-tive to the Three Bumps ar-ray. See cap-tion
 of Fig-ure 4 for an ex-pla-na-tion of
 []

Package epstopdf Info: Source file: <figures/BS_-05_-05_PWS_PWS_cluster_timelag
s.eps>
(epstopdf)                    date: 2021-11-01 19:32:00
(epstopdf)                    size: 48633 bytes
(epstopdf)             Output file: <figures/BS_-05_-05_PWS_PWS_cluster_timelag
s-eps-converted-to.pdf>
(epstopdf)                    date: 2021-11-06 10:40:15
(epstopdf)                    size: 21729 bytes
(epstopdf)             Command: <repstopdf --outfile=figures/BS_-05_-05_PWS_PWS
_cluster_timelags-eps-converted-to.pdf figures/BS_-05_-05_PWS_PWS_cluster_timel
ags.eps>
(epstopdf)             \includegraphics on input line 67.
Package epstopdf Info: Output file is already uptodate.

<figures/BS_-05_-05_PWS_PWS_cluster_timelags-eps-converted-to.pdf, id=29, 1445.
4pt x 1156.32pt>
File: figures/BS_-05_-05_PWS_PWS_cluster_timelags-eps-converted-to.pdf Graphic 
file (type pdf)

<use figures/BS_-05_-05_PWS_PWS_cluster_timelags-eps-converted-to.pdf>
Package pdftex.def Info: figures/BS_-05_-05_PWS_PWS_cluster_timelags-eps-conver
ted-to.pdf used on input line 67.
(pdftex.def)             Requested size: 397.48499pt x 317.98016pt.

Underfull \hbox (badness 10000) in paragraph at lines 68--68
[]\OT1/cmr/bx/n/9 Figure  8. \OT1/cmr/m/n/9 Dis-tri-bu-tion of the time lags be
-tween the time cor-re-spond-ing to the max-i-mum
 []


Underfull \hbox (badness 10000) in paragraph at lines 68--68
\OT1/cmr/m/n/9 ab-so-lute value for the cross-correlation func-tion and the tim
e cor-re-spond-ing to the max-i-mum
 []


Underfull \hbox (badness 10000) in paragraph at lines 68--68
\OT1/cmr/m/n/9 ab-so-lute value for the stacked cross-correlation for the time 
win-dows in clus-ter 0 (that is the
 []


Underfull \hbox (badness 10000) in paragraph at lines 68--68
\OT1/cmr/m/n/9 time win-dows that do not fit well with the stack, left panel) a
nd in clus-ter 1 (that is the time
 []


Underfull \hbox (badness 10000) in paragraph at lines 68--68
\OT1/cmr/m/n/9 win-dows that fit well with the stack, right panel). Top pan-els
 are the cross-correlation of the EW
 []


Underfull \hbox (badness 10000) in paragraph at lines 68--68
\OT1/cmr/m/n/9 com-po-nent with the ver-ti-cal com-po-nent, and bot-tom pan-els
 are the cross-correlation of the NS
 []


Underfull \hbox (badness 10000) in paragraph at lines 68--68
\OT1/cmr/m/n/9 com-po-nent with the ver-ti-cal com-po-nent. The grey dashed lin
es cor-re-spond to the mean plus or
 []


Underfull \hbox (badness 10000) in paragraph at lines 68--68
\OT1/cmr/m/n/9 mi-nus the stan-dard de-vi-a-tion. The ar-ray and the grid cell 
are the same as in Fig-ures 1 and 2 of
 []

No file supplementary_material.bbl.
[2 <./figures/BH_PWS_PWS_0-eps-converted-to.pdf> <./figures/CL_PWS_PWS_0-eps-co
nverted-to.pdf>] [3 <./figures/DR_PWS_PWS_0-eps-converted-to.pdf>] [4 <./figure
s/GC_PWS_PWS_0-eps-converted-to.pdf>] [5 <./figures/LC_PWS_PWS_0-eps-converted-
to.pdf>] [6 <./figures/PA_PWS_PWS_0-eps-converted-to.pdf>] [7 <./figures/TB_PWS
_PWS_0-eps-converted-to.pdf>] [8 <./figures/BS_-05_-05_PWS_PWS_cluster_timelags
-eps-converted-to.pdf>] (./supplementary_material.aux)

LaTeX Warning: There were multiply-defined labels.

 ) 
Here is how much of TeX's memory you used:
 3321 strings out of 493117
 46909 string characters out of 6135433
 115860 words of memory out of 5000000
 6723 multiletter control sequences out of 15000+600000
 8108 words of font info for 29 fonts, out of 8000000 for 9000
 1147 hyphenation exceptions out of 8191
 43i,8n,37p,809b,265s stack positions out of 5000i,500n,10000p,200000b,80000s
</usr/local/texlive/2014/texmf-dist/fonts/type1/public/amsfonts/cm/cmbx10.pfb
></usr/local/texlive/2014/texmf-dist/fonts/type1/public/amsfonts/cm/cmbx12.pfb>
</usr/local/texlive/2014/texmf-dist/fonts/type1/public/amsfonts/cm/cmbx9.pfb></
usr/local/texlive/2014/texmf-dist/fonts/type1/public/amsfonts/cm/cmr6.pfb></usr
/local/texlive/2014/texmf-dist/fonts/type1/public/amsfonts/cm/cmr7.pfb></usr/lo
cal/texlive/2014/texmf-dist/fonts/type1/public/amsfonts/cm/cmr8.pfb></usr/local
/texlive/2014/texmf-dist/fonts/type1/public/amsfonts/cm/cmr9.pfb></usr/local/te
xlive/2014/texmf-dist/fonts/type1/public/amsfonts/cm/cmss8.pfb></usr/local/texl
ive/2014/texmf-dist/fonts/type1/public/amsfonts/cm/cmti9.pfb></usr/local/texliv
e/2014/texmf-dist/fonts/type1/public/amsfonts/cm/cmtt9.pfb>
Output written on supplementary_material.pdf (8 pages, 340252 bytes).
PDF statistics:
 363 PDF objects out of 1000 (max. 8388607)
 90 compressed objects within 1 object stream
 0 named destinations out of 1000 (max. 500000)
 89 words of extra memory for PDF output out of 10000 (max. 10000000)

